<?xml version="1.0" encoding="UTF-8"?>
<!-- Generated by org.testng.reporters.JUnitReportReporter -->
<testsuite skipped="0" hostname="surapaneni" name="test.day4" tests="3" failures="0" timestamp="2020-10-14T17:48:26 IST" time="0.012" errors="0">
  <testcase name="LoginAPIHomeLoan" time="0.004" classname="test.day4"/>
  <system-out/>
  <testcase name="WebloginHomeLoan" time="0.003" classname="test.day4"/>
  <system-out/>
  <testcase name="MobileLoginHomeLoan" time="0.005" classname="test.day4"/>
  <system-out/>
</testsuite> <!-- test.day4 -->
