<?xml version="1.0" encoding="UTF-8"?>
<!-- Generated by org.testng.reporters.JUnitReportReporter -->
<testsuite skipped="0" hostname="surapaneni" name="test.day2" tests="1" failures="0" timestamp="2020-10-14T17:48:26 IST" time="0.002" errors="0">
  <testcase name="ploan" time="0.002" classname="test.day2"/>
  <system-out/>
</testsuite> <!-- test.day2 -->
