<?xml version="1.0" encoding="UTF-8"?>
<!-- Generated by org.testng.reporters.JUnitReportReporter -->
<testsuite skipped="1" hostname="surapaneni" name="udemyTestNG.TestSkip" tests="1" failures="0" timestamp="2020-12-11T18:37:26 IST" time="0.029" errors="0">
  <testcase name="isSkip" time="0.029" classname="udemyTestNG.TestSkip">
    <skipped/>
  </testcase> <!-- isSkip -->
  <system-out/>
</testsuite> <!-- udemyTestNG.TestSkip -->
