<?xml version="1.0" encoding="UTF-8"?>
<!-- Generated by org.testng.reporters.JUnitReportReporter -->
<testsuite skipped="1" hostname="surapaneni" name="test.day3" tests="6" failures="0" timestamp="2020-10-14T17:48:26 IST" time="0.122" errors="0">
  <testcase name="MobilesignoutcarLoan" time="0.011" classname="test.day3"/>
  <system-out/>
  <testcase name="MobileLogincarLoan" time="0.020" classname="test.day3"/>
  <system-out/>
  <testcase name="MobilesignoutcarLoan" time="0.007" classname="test.day3"/>
  <system-out/>
  <testcase name="WebloginCarLoan" time="0.010" classname="test.day3"/>
  <system-out/>
  <testcase name="MobilesignoutcarLoan" time="0.074" classname="test.day3"/>
  <system-out/>
  <testcase name="MobilesignimcarLoan" classname="test.day3">
    <skipped/>
  </testcase> <!-- MobilesignimcarLoan -->
  <system-out/>
</testsuite> <!-- test.day3 -->
