<?xml version="1.0" encoding="UTF-8"?>
<!-- Generated by org.testng.reporters.JUnitReportReporter -->
<testsuite skipped="0" hostname="surapaneni" name="udemyTestNG.Testcase2" tests="4" failures="0" timestamp="2020-12-11T18:42:41 IST" time="0.014" errors="0">
  <testcase name="doLogin" time="0.003" classname="udemyTestNG.Testcase2"/>
  <system-out/>
  <testcase name="goToHomePage" time="0.003" classname="udemyTestNG.Testcase2"/>
  <system-out/>
  <testcase name="thirdTest" time="0.003" classname="udemyTestNG.Testcase2"/>
  <system-out/>
  <testcase name="fourthTest" time="0.005" classname="udemyTestNG.Testcase2"/>
  <system-out/>
</testsuite> <!-- udemyTestNG.Testcase2 -->
