<?xml version="1.0" encoding="UTF-8"?>
<!-- Generated by org.testng.reporters.JUnitReportReporter -->
<testsuite skipped="0" hostname="surapaneni" name="testNG.TestNGBasics" tests="3" failures="0" timestamp="2020-12-11T18:42:41 IST" time="0.014" errors="0">
  <testcase name="test1" time="0.005" classname="testNG.TestNGBasics"/>
  <system-out/>
  <testcase name="test3" time="0.003" classname="testNG.TestNGBasics"/>
  <system-out/>
  <testcase name="test2" time="0.006" classname="testNG.TestNGBasics"/>
  <system-out/>
</testsuite> <!-- testNG.TestNGBasics -->
