<?xml version="1.0" encoding="UTF-8"?>
<!-- Generated by org.testng.reporters.JUnitReportReporter -->
<testsuite skipped="0" hostname="surapaneni" name="udemyTestNG.Testcase1" tests="2" failures="0" timestamp="2020-12-11T18:42:41 IST" time="0.013" errors="0">
  <testcase name="doLogin" time="0.009" classname="udemyTestNG.Testcase1"/>
  <system-out/>
  <testcase name="goToHomePage" time="0.004" classname="udemyTestNG.Testcase1"/>
  <system-out/>
</testsuite> <!-- udemyTestNG.Testcase1 -->
